<?xml version="1.0" encoding="UTF-8"?>
<!-- Generated by org.testng.reporters.JUnitXMLReporter -->
<testsuite ignored="1" hostname="Haby" failures="1" tests="3" name="Group Test" time="34.266" errors="0" timestamp="2024-05-22T09:44:09 EDT">
  <testcase classname="com.sevenrmartsupermarket.tests.LoginTest" name="verifyUserLogin" time="1.62"/>
  <testcase classname="com.sevenrmartsupermarket.tests.AdminUsersTest" name="deactivateUser" time="3.315"/>
  <testcase classname="com.sevenrmartsupermarket.tests.AdminUsersTest" name="navigateToAdminUseraTab" time="12.396">
    <failure type="org.openqa.selenium.NoSuchElementException" message="Cannot locate option with value: Admin
For documentation on this error, please visit: https://www.selenium.dev/documentation/webdriver/troubleshooting/errors#no-such-element-exception
Build info: version: &amp;apos;4.18.1&amp;apos;, revision: &amp;apos;b1d3319b48&amp;apos;
System info: os.name: &amp;apos;Windows 11&amp;apos;, os.arch: &amp;apos;amd64&amp;apos;, os.version: &amp;apos;10.0&amp;apos;, java.version: &amp;apos;21&amp;apos;
Driver info: driver.version: unknown">
      <![CDATA[org.openqa.selenium.NoSuchElementException: Cannot locate option with value: Admin
For documentation on this error, please visit: https://www.selenium.dev/documentation/webdriver/troubleshooting/errors#no-such-element-exception
Build info: version: '4.18.1', revision: 'b1d3319b48'
System info: os.name: 'Windows 11', os.arch: 'amd64', os.version: '10.0', java.version: '21'
Driver info: driver.version: unknown
at org.openqa.selenium.support.ui.Select.findOptionsByValue(Select.java:289)
at org.openqa.selenium.support.ui.Select.selectByValue(Select.java:194)
at com.sevenrmartsupermarket.pages.AdminUsersPage.inputNewAdminUserDetails(AdminUsersPage.java:46)
at com.sevenrmartsupermarket.tests.AdminUsersTest.navigateToAdminUseraTab(AdminUsersTest.java:23)
at java.base/java.util.ArrayList.forEach(ArrayList.java:1596)
at java.base/java.util.concurrent.FutureTask.run(FutureTask.java:317)
at java.base/java.util.concurrent.ThreadPoolExecutor.runWorker(ThreadPoolExecutor.java:1144)
at java.base/java.util.concurrent.ThreadPoolExecutor$Worker.run(ThreadPoolExecutor.java:642)
at java.base/java.lang.Thread.run(Thread.java:1583)
... Removed 15 stack frames]]>
    </failure>
  </testcase> <!-- navigateToAdminUseraTab -->
  <testcase classname="com.sevenrmartsupermarket.tests.LoginTest" name="verifyInvalidLoginErrorMessage" time="0.0">
    <ignored/>
  </testcase> <!-- verifyInvalidLoginErrorMessage -->
</testsuite> <!-- Group Test -->
